<?xml version="1.0" encoding="UTF-8"?>
<!-- Generated by org.testng.reporters.JUnitReportReporter -->
<testsuite hostname="KAPPA-LAP" name="seleniumcookbook.examples.test.GoogleSearchTest" tests="1" failures="0" timestamp="26 May 2016 10:01:41 GMT" time="2.877" errors="0">
  <testcase name="testGoogleSearch" time="2.877" classname="seleniumcookbook.examples.test.GoogleSearchTest"/>
</testsuite> <!-- seleniumcookbook.examples.test.GoogleSearchTest -->
